<?xml version="1.0" encoding="UTF-8"?>
<testsuite xmlns:xsi="http://www.w3.org/2001/XMLSchema-instance" xsi:noNamespaceSchemaLocation="https://maven.apache.org/surefire/maven-surefire-plugin/xsd/surefire-test-report.xsd" version="3.0.2" name="parkingService.ParkingServiceImplTest" time="1.25" tests="1" errors="0" skipped="0" failures="0">
  <properties>
[...]
</properties>
  <testcase name="registerVehicleEntry_Success" classname="parkingService.ParkingServiceImplTest" time="0.328">
    <system-out><![CDATA[2025-06-08 22:36:27,951 INFO  [org.hib.jpa.int.uti.LogHelper] (main) HHH000204: Processing PersistenceUnitInfo [name: <default>]
2025-06-08 22:36:28,039 INFO  [org.hib.Version] (main) HHH000412: Hibernate ORM core version 6.6.17.Final
2025-06-08 22:36:28,099 INFO  [org.hib.orm.con.pooling] (main) HHH10001005: Database info:
	Database JDBC URL [undefined/unknown]
	Database driver: undefined/unknown
	Database version: 2.3.230
	Autocommit mode: undefined/unknown
	Isolation level: <unknown>
	Minimum pool size: undefined/unknown
	Maximum pool size: undefined/unknown
2025-06-08 22:36:28,168 INFO  [org.hib.val.int.uti.Version] (main) HV000001: Hibernate Validator 8.0.2.Final
2025-06-08 22:36:28,610 DEBUG [org.hib.SQL] (JPA Startup Thread) 
    &amp#27;[34mcreate&amp#27;[0m &amp#27;[34mglobal&amp#27;[0m temporary &amp#27;[34mtable&amp#27;[0m HTE_MyEntity(rn_ &amp#27;[34minteger&amp#27;[0m &amp#27;[34mnot&amp#27;[0m &amp#27;[34mnull&amp#27;[0m, id &amp#27;[34mbigint&amp#27;[0m, field &amp#27;[34mvarchar&amp#27;[0m(255), &amp#27;[34mprimary&amp#27;[0m &amp#27;[34mkey&amp#27;[0m (rn_)) TRANSACTIONAL
&amp#27;[35m[Hibernate]&amp#27;[0m 
    &amp#27;[34mcreate&amp#27;[0m &amp#27;[34mglobal&amp#27;[0m temporary &amp#27;[34mtable&amp#27;[0m HTE_MyEntity(rn_ &amp#27;[34minteger&amp#27;[0m &amp#27;[34mnot&amp#27;[0m &amp#27;[34mnull&amp#27;[0m, id &amp#27;[34mbigint&amp#27;[0m, field &amp#27;[34mvarchar&amp#27;[0m(255), &amp#27;[34mprimary&amp#27;[0m &amp#27;[34mkey&amp#27;[0m (rn_)) TRANSACTIONAL
2025-06-08 22:36:28,615 DEBUG [org.hib.SQL] (JPA Startup Thread) 
    &amp#27;[34mcreate&amp#27;[0m &amp#27;[34mglobal&amp#27;[0m temporary &amp#27;[34mtable&amp#27;[0m HTE_vehicles(rn_ &amp#27;[34minteger&amp#27;[0m &amp#27;[34mnot&amp#27;[0m &amp#27;[34mnull&amp#27;[0m, entry_time &amp#27;[34mtimestamp&amp#27;[0m(6), exit_time &amp#27;[34mtimestamp&amp#27;[0m(6), id &amp#27;[34mbigint&amp#27;[0m, number &amp#27;[34mvarchar&amp#27;[0m(255), status enum (&amp#27;[36m'EXITED'&amp#27;[0m, &amp#27;[36m'PARKED'&amp#27;[0m), type enum (&amp#27;[36m'BUS'&amp#27;[0m, &amp#27;[36m'MOTORCYCLE'&amp#27;[0m, &amp#27;[36m'PASSENGER'&amp#27;[0m, &amp#27;[36m'TRUCK'&amp#27;[0m), &amp#27;[34mprimary&amp#27;[0m &amp#27;[34mkey&amp#27;[0m (rn_)) TRANSACTIONAL
&amp#27;[35m[Hibernate]&amp#27;[0m 
    &amp#27;[34mcreate&amp#27;[0m &amp#27;[34mglobal&amp#27;[0m temporary &amp#27;[34mtable&amp#27;[0m HTE_vehicles(rn_ &amp#27;[34minteger&amp#27;[0m &amp#27;[34mnot&amp#27;[0m &amp#27;[34mnull&amp#27;[0m, entry_time &amp#27;[34mtimestamp&amp#27;[0m(6), exit_time &amp#27;[34mtimestamp&amp#27;[0m(6), id &amp#27;[34mbigint&amp#27;[0m, number &amp#27;[34mvarchar&amp#27;[0m(255), status enum (&amp#27;[36m'EXITED'&amp#27;[0m, &amp#27;[36m'PARKED'&amp#27;[0m), type enum (&amp#27;[36m'BUS'&amp#27;[0m, &amp#27;[36m'MOTORCYCLE'&amp#27;[0m, &amp#27;[36m'PASSENGER'&amp#27;[0m, &amp#27;[36m'TRUCK'&amp#27;[0m), &amp#27;[34mprimary&amp#27;[0m &amp#27;[34mkey&amp#27;[0m (rn_)) TRANSACTIONAL
2025-06-08 22:36:28,672 DEBUG [org.hib.SQL] (JPA Startup Thread) 
    &amp#27;[34mdrop&amp#27;[0m &amp#27;[34mtable&amp#27;[0m &amp#27;[34mif&amp#27;[0m &amp#27;[34mexists&amp#27;[0m MyEntity &amp#27;[34mcascade&amp#27;[0m 
&amp#27;[35m[Hibernate]&amp#27;[0m 
    &amp#27;[34mdrop&amp#27;[0m &amp#27;[34mtable&amp#27;[0m &amp#27;[34mif&amp#27;[0m &amp#27;[34mexists&amp#27;[0m MyEntity &amp#27;[34mcascade&amp#27;[0m 
2025-06-08 22:36:28,673 DEBUG [org.hib.SQL] (JPA Startup Thread) 
    &amp#27;[34mdrop&amp#27;[0m &amp#27;[34mtable&amp#27;[0m &amp#27;[34mif&amp#27;[0m &amp#27;[34mexists&amp#27;[0m vehicles &amp#27;[34mcascade&amp#27;[0m 
&amp#27;[35m[Hibernate]&amp#27;[0m 
    &amp#27;[34mdrop&amp#27;[0m &amp#27;[34mtable&amp#27;[0m &amp#27;[34mif&amp#27;[0m &amp#27;[34mexists&amp#27;[0m vehicles &amp#27;[34mcascade&amp#27;[0m 
2025-06-08 22:36:28,673 DEBUG [org.hib.SQL] (JPA Startup Thread) 
    &amp#27;[34mdrop&amp#27;[0m &amp#27;[34msequence&amp#27;[0m &amp#27;[34mif&amp#27;[0m &amp#27;[34mexists&amp#27;[0m MyEntity_SEQ
&amp#27;[35m[Hibernate]&amp#27;[0m 
    &amp#27;[34mdrop&amp#27;[0m &amp#27;[34msequence&amp#27;[0m &amp#27;[34mif&amp#27;[0m &amp#27;[34mexists&amp#27;[0m MyEntity_SEQ
2025-06-08 22:36:28,673 DEBUG [org.hib.SQL] (JPA Startup Thread) 
    &amp#27;[34mdrop&amp#27;[0m &amp#27;[34msequence&amp#27;[0m &amp#27;[34mif&amp#27;[0m &amp#27;[34mexists&amp#27;[0m vehicles_SEQ
&amp#27;[35m[Hibernate]&amp#27;[0m 
    &amp#27;[34mdrop&amp#27;[0m &amp#27;[34msequence&amp#27;[0m &amp#27;[34mif&amp#27;[0m &amp#27;[34mexists&amp#27;[0m vehicles_SEQ
2025-06-08 22:36:28,675 DEBUG [org.hib.SQL] (JPA Startup Thread) 
    &amp#27;[34mcreate&amp#27;[0m &amp#27;[34msequence&amp#27;[0m MyEntity_SEQ &amp#27;[34mstart&amp#27;[0m &amp#27;[34mwith&amp#27;[0m 1 &amp#27;[34mincrement&amp#27;[0m &amp#27;[34mby&amp#27;[0m 50
&amp#27;[35m[Hibernate]&amp#27;[0m 
    &amp#27;[34mcreate&amp#27;[0m &amp#27;[34msequence&amp#27;[0m MyEntity_SEQ &amp#27;[34mstart&amp#27;[0m &amp#27;[34mwith&amp#27;[0m 1 &amp#27;[34mincrement&amp#27;[0m &amp#27;[34mby&amp#27;[0m 50
2025-06-08 22:36:28,676 DEBUG [org.hib.SQL] (JPA Startup Thread) 
    &amp#27;[34mcreate&amp#27;[0m &amp#27;[34msequence&amp#27;[0m vehicles_SEQ &amp#27;[34mstart&amp#27;[0m &amp#27;[34mwith&amp#27;[0m 1 &amp#27;[34mincrement&amp#27;[0m &amp#27;[34mby&amp#27;[0m 50
&amp#27;[35m[Hibernate]&amp#27;[0m 
    &amp#27;[34mcreate&amp#27;[0m &amp#27;[34msequence&amp#27;[0m vehicles_SEQ &amp#27;[34mstart&amp#27;[0m &amp#27;[34mwith&amp#27;[0m 1 &amp#27;[34mincrement&amp#27;[0m &amp#27;[34mby&amp#27;[0m 50
2025-06-08 22:36:28,677 DEBUG [org.hib.SQL] (JPA Startup Thread) 
    &amp#27;[34mcreate&amp#27;[0m &amp#27;[34mtable&amp#27;[0m MyEntity (
        id &amp#27;[34mbigint&amp#27;[0m &amp#27;[34mnot&amp#27;[0m &amp#27;[34mnull&amp#27;[0m,
        field &amp#27;[34mvarchar&amp#27;[0m(255),
        &amp#27;[34mprimary&amp#27;[0m &amp#27;[34mkey&amp#27;[0m (id)
    )
&amp#27;[35m[Hibernate]&amp#27;[0m 
    &amp#27;[34mcreate&amp#27;[0m &amp#27;[34mtable&amp#27;[0m MyEntity (
        id &amp#27;[34mbigint&amp#27;[0m &amp#27;[34mnot&amp#27;[0m &amp#27;[34mnull&amp#27;[0m,
        field &amp#27;[34mvarchar&amp#27;[0m(255),
        &amp#27;[34mprimary&amp#27;[0m &amp#27;[34mkey&amp#27;[0m (id)
    )
2025-06-08 22:36:28,678 DEBUG [org.hib.SQL] (JPA Startup Thread) 
    &amp#27;[34mcreate&amp#27;[0m &amp#27;[34mtable&amp#27;[0m vehicles (
        entry_time &amp#27;[34mtimestamp&amp#27;[0m(6),
        exit_time &amp#27;[34mtimestamp&amp#27;[0m(6),
        id &amp#27;[34mbigint&amp#27;[0m &amp#27;[34mnot&amp#27;[0m &amp#27;[34mnull&amp#27;[0m,
        number &amp#27;[34mvarchar&amp#27;[0m(255) &amp#27;[34mnot&amp#27;[0m &amp#27;[34mnull&amp#27;[0m &amp#27;[34munique&amp#27;[0m,
        status enum (&amp#27;[36m'EXITED'&amp#27;[0m,&amp#27;[36m'PARKED'&amp#27;[0m) &amp#27;[34mnot&amp#27;[0m &amp#27;[34mnull&amp#27;[0m,
        type enum (&amp#27;[36m'BUS'&amp#27;[0m,&amp#27;[36m'MOTORCYCLE'&amp#27;[0m,&amp#27;[36m'PASSENGER'&amp#27;[0m,&amp#27;[36m'TRUCK'&amp#27;[0m) &amp#27;[34mnot&amp#27;[0m &amp#27;[34mnull&amp#27;[0m,
        &amp#27;[34mprimary&amp#27;[0m &amp#27;[34mkey&amp#27;[0m (id)
    )
&amp#27;[35m[Hibernate]&amp#27;[0m 
    &amp#27;[34mcreate&amp#27;[0m &amp#27;[34mtable&amp#27;[0m vehicles (
        entry_time &amp#27;[34mtimestamp&amp#27;[0m(6),
        exit_time &amp#27;[34mtimestamp&amp#27;[0m(6),
        id &amp#27;[34mbigint&amp#27;[0m &amp#27;[34mnot&amp#27;[0m &amp#27;[34mnull&amp#27;[0m,
        number &amp#27;[34mvarchar&amp#27;[0m(255) &amp#27;[34mnot&amp#27;[0m &amp#27;[34mnull&amp#27;[0m &amp#27;[34munique&amp#27;[0m,
        status enum (&amp#27;[36m'EXITED'&amp#27;[0m,&amp#27;[36m'PARKED'&amp#27;[0m) &amp#27;[34mnot&amp#27;[0m &amp#27;[34mnull&amp#27;[0m,
        type enum (&amp#27;[36m'BUS'&amp#27;[0m,&amp#27;[36m'MOTORCYCLE'&amp#27;[0m,&amp#27;[36m'PASSENGER'&amp#27;[0m,&amp#27;[36m'TRUCK'&amp#27;[0m) &amp#27;[34mnot&amp#27;[0m &amp#27;[34mnull&amp#27;[0m,
        &amp#27;[34mprimary&amp#27;[0m &amp#27;[34mkey&amp#27;[0m (id)
    )
2025-06-08 22:36:28,756 INFO  [io.quarkus] (main) code-with-quarkus 1.0.0-SNAPSHOT on JVM (powered by Quarkus 3.23.2) started in 2.236s. Listening on: http://localhost:8081
2025-06-08 22:36:28,756 INFO  [io.quarkus] (main) Profile test activated. 
2025-06-08 22:36:28,757 INFO  [io.quarkus] (main) Installed features: [agroal, cdi, compose, hibernate-orm, hibernate-orm-panache, hibernate-validator, jdbc-h2, jdbc-postgresql, narayana-jta, rest, rest-jackson, smallrye-context-propagation, smallrye-openapi, swagger-ui, vertx]
2025-06-08 22:36:28,979 DEBUG [org.hib.SQL] (main) 
    &amp#27;[34mdelete&amp#27;[0m 
    &amp#27;[34mfrom&amp#27;[0m
        vehicles v1_0
&amp#27;[35m[Hibernate]&amp#27;[0m 
    &amp#27;[34mdelete&amp#27;[0m 
    &amp#27;[34mfrom&amp#27;[0m
        vehicles v1_0
2025-06-08 22:36:29,053 DEBUG [org.hib.SQL] (main) 
    &amp#27;[34mselect&amp#27;[0m
        v1_0.id,
        v1_0.entry_time,
        v1_0.exit_time,
        v1_0.number,
        v1_0.status,
        v1_0.type 
    &amp#27;[34mfrom&amp#27;[0m
        vehicles v1_0 
    &amp#27;[34mwhere&amp#27;[0m
        v1_0.number=? 
        &amp#27;[34mand&amp#27;[0m v1_0.status=? 
    &amp#27;[34mfetch&amp#27;[0m
        first ? &amp#27;[34mrows&amp#27;[0m &amp#27;[34monly&amp#27;[0m
&amp#27;[35m[Hibernate]&amp#27;[0m 
    &amp#27;[34mselect&amp#27;[0m
        v1_0.id,
        v1_0.entry_time,
        v1_0.exit_time,
        v1_0.number,
        v1_0.status,
        v1_0.type 
    &amp#27;[34mfrom&amp#27;[0m
        vehicles v1_0 
    &amp#27;[34mwhere&amp#27;[0m
        v1_0.number=? 
        &amp#27;[34mand&amp#27;[0m v1_0.status=? 
    &amp#27;[34mfetch&amp#27;[0m
        first ? &amp#27;[34mrows&amp#27;[0m &amp#27;[34monly&amp#27;[0m
2025-06-08 22:36:29,072 DEBUG [org.hib.SQL] (main) 
    &amp#27;[34mselect&amp#27;[0m
        count(*) 
    &amp#27;[34mfrom&amp#27;[0m
        vehicles v1_0 
    &amp#27;[34mwhere&amp#27;[0m
        v1_0.status=?
&amp#27;[35m[Hibernate]&amp#27;[0m 
    &amp#27;[34mselect&amp#27;[0m
        count(*) 
    &amp#27;[34mfrom&amp#27;[0m
        vehicles v1_0 
    &amp#27;[34mwhere&amp#27;[0m
        v1_0.status=?
2025-06-08 22:36:29,076 DEBUG [org.hib.SQL] (main) 
    &amp#27;[34mselect&amp#27;[0m
        &amp#27;[34mnext&amp#27;[0m &amp#27;[34mvalue&amp#27;[0m &amp#27;[34mfor&amp#27;[0m vehicles_SEQ
&amp#27;[35m[Hibernate]&amp#27;[0m 
    &amp#27;[34mselect&amp#27;[0m
        &amp#27;[34mnext&amp#27;[0m &amp#27;[34mvalue&amp#27;[0m &amp#27;[34mfor&amp#27;[0m vehicles_SEQ
2025-06-08 22:36:29,086 DEBUG [org.hib.SQL] (main) 
    &amp#27;[34minsert&amp#27;[0m 
    &amp#27;[34minto&amp#27;[0m
        vehicles
        (entry_time, exit_time, number, status, type, id) 
    &amp#27;[34mvalues&amp#27;[0m
        (?, ?, ?, ?, ?, ?)
&amp#27;[35m[Hibernate]&amp#27;[0m 
    &amp#27;[34minsert&amp#27;[0m 
    &amp#27;[34minto&amp#27;[0m
        vehicles
        (entry_time, exit_time, number, status, type, id) 
    &amp#27;[34mvalues&amp#27;[0m
        (?, ?, ?, ?, ?, ?)
]]></system-out>
  </testcase>
</testsuite>